<?xml version="1.0" encoding="UTF-8"?>
<testsuite xmlns:xsi="http://www.w3.org/2001/XMLSchema-instance" xsi:noNamespaceSchemaLocation="https://maven.apache.org/surefire/maven-surefire-plugin/xsd/surefire-test-report.xsd" name="com.globalshop.order.pricing.strategy.PricingStrategyTests" time="0.001" tests="6" errors="0" skipped="0" failures="0">
  <properties>
[...]
</properties>
  <testcase name="testStandardMayoristaGrande" classname="com.globalshop.order.pricing.strategy.PricingStrategyTests" time="0"/>
  <testcase name="testStandardInternacionalConFindeSemana" classname="com.globalshop.order.pricing.strategy.PricingStrategyTests" time="0"/>
  <testcase name="testStandardMinoristaPremium" classname="com.globalshop.order.pricing.strategy.PricingStrategyTests" time="0"/>
  <testcase name="testBulkMontoGrande" classname="com.globalshop.order.pricing.strategy.PricingStrategyTests" time="0"/>
  <testcase name="testExpressRecargoBase" classname="com.globalshop.order.pricing.strategy.PricingStrategyTests" time="0"/>
  <testcase name="testBulkMontoPequeno" classname="com.globalshop.order.pricing.strategy.PricingStrategyTests" time="0"/>
</testsuite>